/*C20*/SET SCHEMA PUBLIC
alter table PUBLISHERS_INFO add column name varchar(255)
/*C21*/SET SCHEMA PUBLIC
DISCONNECT
/*C20*/DISCONNECT
/*C22*/SET SCHEMA PUBLIC
DISCONNECT
/*C23*/SET SCHEMA PUBLIC
alter table PUBLISHERS_INFO drop column NAME
/*C24*/SET SCHEMA PUBLIC
DISCONNECT
/*C27*/SET SCHEMA PUBLIC
set schema PUBLIC
/*C26*/SET SCHEMA PUBLIC
DISCONNECT
/*C25*/SET SCHEMA PUBLIC
DISCONNECT
/*C29*/SET SCHEMA PUBLIC
DISCONNECT
/*C28*/SET SCHEMA PUBLIC
DISCONNECT
/*C30*/SET SCHEMA PUBLIC
DISCONNECT
/*C31*/SET SCHEMA PUBLIC
DISCONNECT
/*C32*/SET SCHEMA PUBLIC
DISCONNECT
/*C27*/alter table PUBLISHERS_INFO drop column SALT
/*C33*/SET SCHEMA PUBLIC
DISCONNECT
/*C27*/alter table PUBLISHERS_INFO add column SALT VARCHAR(40) not null
/*C34*/SET SCHEMA PUBLIC
DISCONNECT
/*C27*/alter table PUBLISHERS_INFO drop column SALT
/*C36*/SET SCHEMA PUBLIC
DISCONNECT
/*C27*/alter table PUBLISHERS_INFO add COLUMN SALT VARCHAR(30) not null
/*C37*/SET SCHEMA PUBLIC
DISCONNECT
/*C27*/alter table PUBLISHERS_INFO drop column SALT
/*C38*/SET SCHEMA PUBLIC
DISCONNECT
/*C27*/alter table PUBLISHERS_INFO add column SALT VARCHAR(40) not null
/*C39*/SET SCHEMA PUBLIC
DISCONNECT
/*C35*/SET SCHEMA PUBLIC
DISCONNECT
/*C40*/SET SCHEMA PUBLIC
DISCONNECT
/*C23*/DISCONNECT
/*C27*/DISCONNECT
/*C41*/SET SCHEMA PUBLIC
DISCONNECT
/*C42*/SET SCHEMA PUBLIC
DISCONNECT
/*C43*/SET SCHEMA PUBLIC
DISCONNECT
/*C44*/SET SCHEMA PUBLIC
DISCONNECT
/*C46*/SET SCHEMA PUBLIC
set schema PUBLIC
/*C45*/SET SCHEMA PUBLIC
DISCONNECT
/*C47*/SET SCHEMA PUBLIC
DISCONNECT
/*C49*/SET SCHEMA PUBLIC
DISCONNECT
/*C48*/SET SCHEMA PUBLIC
DISCONNECT
/*C50*/SET SCHEMA PUBLIC
DISCONNECT
/*C51*/SET SCHEMA PUBLIC
DISCONNECT
/*C46*/INSERT INTO PUBLISHERS_INFO VALUES(0,'Paval-from-Belarus','','111','111')
COMMIT
/*C52*/SET SCHEMA PUBLIC
DISCONNECT
/*C53*/SET SCHEMA PUBLIC
DISCONNECT
/*C46*/DELETE FROM PUBLISHERS_INFO WHERE ID=0
COMMIT
alter table PUBLISHERS_INFO alter HASH VARCHAR(80)
/*C56*/SET SCHEMA PUBLIC
DISCONNECT
/*C46*/alter table PUBLISHERS_INFO alter SALT VARCHAR(80)
/*C57*/SET SCHEMA PUBLIC
DISCONNECT
/*C55*/SET SCHEMA PUBLIC
DISCONNECT
/*C54*/SET SCHEMA PUBLIC
DISCONNECT
/*C58*/SET SCHEMA PUBLIC
DISCONNECT
/*C46*/alter table PUBLISHERS_INFO alter column HASH VARCHAR(45)
/*C59*/SET SCHEMA PUBLIC
DISCONNECT
/*C46*/alter table PUBLISHERS_INFO alter column SALT VARCHAR(45)
/*C60*/SET SCHEMA PUBLIC
DISCONNECT
/*C61*/SET SCHEMA PUBLIC
DISCONNECT
/*C62*/SET SCHEMA PUBLIC
INSERT INTO PUBLISHERS_INFO VALUES(5,'Paval-from-Belarus','','6ZxALOY6fjoiDWDU6hho3OuULnSj8hBKAhi1EE2atd4=','9y3ZRFwSdsbaFwRQoR2kMw==')
ALTER SEQUENCE PUBLIC.HIBERNATE_SEQUENCE RESTART WITH 6
COMMIT
/*C46*/DELETE FROM PUBLISHERS_INFO WHERE ID=5
COMMIT
/*C62*/DISCONNECT
/*C63*/SET SCHEMA PUBLIC
INSERT INTO PUBLISHERS_INFO VALUES(6,'Paval-from-Belarus','','sHr0k1Ma1c03tXgP9YKeo0hRX4EgCZ7a/43H2Sa5BKs=','e/Q8av1K13WhIg9K8WulEA==')
ALTER SEQUENCE PUBLIC.HIBERNATE_SEQUENCE RESTART WITH 7
COMMIT
/*C64*/SET SCHEMA PUBLIC
DISCONNECT
/*C63*/DISCONNECT
/*C46*/DELETE FROM PUBLISHERS_INFO WHERE ID=6
COMMIT
/*C65*/SET SCHEMA PUBLIC
DISCONNECT
/*C66*/SET SCHEMA PUBLIC
DISCONNECT
