/*C2*/SET SCHEMA PUBLIC
INSERT INTO PACKAGES_INFO VALUES(0,0,0,'/home/Paval/Development/Programs/PUM/payloads/kernels/kernel_0.0.1.iso','0.0.1')
COMMIT
INSERT INTO PACKAGES_INFO VALUES(1,0,0,'/home/Paval/Development/Programs/PUM/payloads/bootloader/extMBR.bin','0.0.3')
COMMIT
INSERT INTO PACKAGES_INFO VALUES(2,0,0,'/home/Paval/Development/Programs/PUM/payloads/bootloader/extMBR.bin','0.0.3')
COMMIT
INSERT INTO PACKAGES_INFO VALUES(3,0,0,'/home/Paval/Development/Programs/PUM/payloads/bootloader/extMBR.bin','0.0.3')
COMMIT
/*C3*/SET SCHEMA PUBLIC
DISCONNECT
/*C4*/SET SCHEMA PUBLIC
DISCONNECT
/*C5*/SET SCHEMA PUBLIC
DISCONNECT
/*C6*/SET SCHEMA PUBLIC
drop table if exists LICENCES CASCADE 
drop table if exists PACKAGES_HATS CASCADE 
drop table if exists PACKAGES_INFO CASCADE 
drop table if exists PAYLOADS CASCADE 
create table LICENCES (id integer not null, name varchar(255), primary key (id))
create table PACKAGES_HATS (id integer not null, name varchar(255), payloadType integer, primary key (id))
create table PACKAGES_INFO (packageId integer not null, versionId integer not null, licence integer, payloadPath varchar(255), versionLabel varchar(255), primary key (packageId, versionId))
create table PAYLOADS (id integer not null, name varchar(255), primary key (id))
DISCONNECT
/*C7*/SET SCHEMA PUBLIC
drop table if exists LICENCES CASCADE 
drop table if exists PACKAGES_HATS CASCADE 
drop table if exists PACKAGES_INFO CASCADE 
drop table if exists PAYLOADS CASCADE 
create table LICENCES (id integer not null, name varchar(255), primary key (id))
create table PACKAGES_HATS (id integer not null, name varchar(255), payloadType integer, primary key (id))
create table PACKAGES_INFO (packageId integer not null, versionId integer not null, licence integer, payloadPath varchar(255), versionLabel varchar(255), primary key (packageId, versionId))
create table PAYLOADS (id integer not null, name varchar(255), primary key (id))
DISCONNECT
/*C8*/SET SCHEMA PUBLIC
drop table if exists LICENCES CASCADE 
drop table if exists PACKAGES_HATS CASCADE 
drop table if exists PACKAGES_INFO CASCADE 
drop table if exists PAYLOADS CASCADE 
create table LICENCES (id integer not null, name varchar(255), primary key (id))
create table PACKAGES_HATS (id integer not null, name varchar(255), payloadType integer, primary key (id))
create table PACKAGES_INFO (packageId integer not null, versionId integer not null, licence integer, payloadPath varchar(255), versionLabel varchar(255), primary key (packageId, versionId))
create table PAYLOADS (id integer not null, name varchar(255), primary key (id))
DISCONNECT
/*C9*/SET SCHEMA PUBLIC
drop table if exists LICENCES CASCADE 
drop table if exists PACKAGES_INFO CASCADE 
drop table if exists PAYLOADS CASCADE 
drop table if exists PUBLIC.PACKAGES_HATS CASCADE 
create table LICENCES (id integer not null, name varchar(255), primary key (id))
create table PACKAGES_INFO (packageId integer not null, versionId integer not null, licence integer, payloadPath varchar(255), versionLabel varchar(255), primary key (packageId, versionId))
create table PAYLOADS (id integer not null, name varchar(255), primary key (id))
create table PUBLIC.PACKAGES_HATS (id integer not null, name varchar(255), payloadType integer, primary key (id))
DISCONNECT
/*C10*/SET SCHEMA PUBLIC
DISCONNECT
/*C11*/SET SCHEMA PUBLIC
set schema PUBLIC
INSERT INTO PACKAGES_HATS VALUES(0,'PetOS Kernel',0)
COMMIT
INSERT INTO PAYLOADS VALUES(0,'Binary')
COMMIT
INSERT INTO PAYLOADS VALUES(1,'Library')
COMMIT
INSERT INTO PAYLOADS VALUES(2,'Documentation')
COMMIT
INSERT INTO PACKAGES_HATS VALUES(1,'PetOS TextEditor',0)
COMMIT
INSERT INTO PACKAGES_HATS VALUES(2,'CDROM Driver',0)
COMMIT
INSERT INTO PACKAGES_HATS VALUES(3,'Network Driver',0)
COMMIT
/*C12*/SET SCHEMA PUBLIC
drop table if exists LICENCES CASCADE 
drop table if exists PACKAGES_HATS CASCADE 
drop table if exists PACKAGES_INFO CASCADE 
drop table if exists PAYLOADS CASCADE 
create table LICENCES (id integer not null, name varchar(255), primary key (id))
create table PACKAGES_HATS (id integer not null, name varchar(255), payloadType integer, primary key (id))
create table PACKAGES_INFO (packageId integer not null, versionId integer not null, licence integer, payloadPath varchar(255), versionLabel varchar(255), primary key (packageId, versionId))
create table PAYLOADS (id integer not null, name varchar(255), primary key (id))
DISCONNECT
/*C11*/INSERT INTO PACKAGES_INFO VALUES(0,0,0,'/home/Paval/Development/Programs/PUM/payloads/kernels/kernel_0.0.1.iso','0.0.1')
COMMIT
INSERT INTO PACKAGES_INFO VALUES(1,0,0,'/home/Paval/Development/Programs/PUM/payloads/bootloader/extMBR.bin','0.0.3')
COMMIT
INSERT INTO PACKAGES_INFO VALUES(2,0,0,'/home/Paval/Development/Programs/PUM/payloads/bootloader/extMBR.bin','0.0.3')
COMMIT
INSERT INTO PACKAGES_INFO VALUES(3,0,0,'/home/Paval/Development/Programs/PUM/payloads/bootloader/extMBR.bin','0.0.3')
COMMIT
INSERT INTO PACKAGES_HATS VALUES(0,'PetOS Kernel',0)
COMMIT
INSERT INTO PAYLOADS VALUES(0,'Binary')
COMMIT
INSERT INTO PAYLOADS VALUES(1,'Library')
COMMIT
INSERT INTO PAYLOADS VALUES(2,'Documentation')
COMMIT
INSERT INTO PACKAGES_HATS VALUES(1,'PetOS TextEditor',0)
COMMIT
INSERT INTO PACKAGES_HATS VALUES(2,'CDROM Driver',0)
COMMIT
INSERT INTO PACKAGES_HATS VALUES(3,'Network Driver',0)
COMMIT
INSERT INTO LICENCES VALUES(0,'MIT')
COMMIT
INSERT INTO LICENCES VALUES(1,'GNU')
COMMIT
INSERT INTO LICENCES VALUES(2,'Apache')
COMMIT
INSERT INTO LICENCES VALUES(3,'Bear')
COMMIT
/*C13*/SET SCHEMA PUBLIC
DISCONNECT
/*C14*/SET SCHEMA PUBLIC
DISCONNECT
/*C11*/alter table PACKAGES_ALIASES ADD foreign key (ID) REFERENCES PACKAGES_HATS
/*C15*/SET SCHEMA PUBLIC
DISCONNECT
/*C16*/SET SCHEMA PUBLIC
DISCONNECT
/*C11*/alter table PACKAGES_INFO add FOREIGN KEY(PACKAGEID) REFERENCES PACKAGES_HATS
/*C17*/SET SCHEMA PUBLIC
DISCONNECT
/*C18*/SET SCHEMA PUBLIC
DISCONNECT
/*C11*/alter table PACKAGES_HATS add foreign key(PAYLOADTYPE) references PAYLOADS
/*C19*/SET SCHEMA PUBLIC
DISCONNECT
/*C11*/alter table PACKAGES_INFO ADD FOREIGN KEY(LICENCE) REFERENCES LICENCES(ID)
/*C20*/SET SCHEMA PUBLIC
DISCONNECT
/*C21*/SET SCHEMA PUBLIC
DISCONNECT
/*C22*/SET SCHEMA PUBLIC
DISCONNECT
/*C23*/SET SCHEMA PUBLIC
alter table PACKAGES_ALIASES add column aliases varchar(255)
DISCONNECT
/*C24*/SET SCHEMA PUBLIC
DISCONNECT
/*C25*/SET SCHEMA PUBLIC
DISCONNECT
/*C26*/SET SCHEMA PUBLIC
DISCONNECT
/*C27*/SET SCHEMA PUBLIC
DISCONNECT
/*C28*/SET SCHEMA PUBLIC
DISCONNECT
/*C29*/SET SCHEMA PUBLIC
DISCONNECT
/*C30*/SET SCHEMA PUBLIC
DISCONNECT
